-------------------------------------------------------------------------------
Test set: res.server.captchaValidatorTest
-------------------------------------------------------------------------------
Tests run: 8, Failures: 1, Errors: 0, Skipped: 0, Time elapsed: 0.123 sec <<< FAILURE! - in res.server.captchaValidatorTest
isValidate_receivedCaptcha_someCharIsUpperCase_ReturnFalse(res.server.captchaValidatorTest)  Time elapsed: 0.012 sec  <<< FAILURE!
java.lang.AssertionError
	at res.server.captchaValidatorTest.isValidate_receivedCaptcha_someCharIsUpperCase_ReturnFalse(captchaValidatorTest.java:59)

