<?xml version="1.0" encoding="UTF-8"?>
<testsuite xmlns:xsi="http://www.w3.org/2001/XMLSchema-instance" xsi:schemaLocation="https://maven.apache.org/surefire/maven-surefire-plugin/xsd/surefire-test-report.xsd" name="captchaValidatorTest" time="0.46" tests="8" errors="0" skipped="0" failures="0">
  <properties>
[...]
</properties>
  <testcase name="isValidate_receivedCaptcha_Equals_ExpectedCaptcha_ReturnTrue" classname="captchaValidatorTest" time="0.406"/>
  <testcase name="isValidate_receivedCaptchaNull_ReturnFalse" classname="captchaValidatorTest" time="0.384"/>
  <testcase name="isValidate_receivedCaptcha_someCharIsUpperCase_ReturnFalse" classname="captchaValidatorTest" time="0.438"/>
  <testcase name="isValidate_expectedCaptcha_someCharIsUpperCase_ReturnFalse" classname="captchaValidatorTest" time="0.427"/>
  <testcase name="isValidate_expectedCaptcha_isUpperCase_ReturnFalse" classname="captchaValidatorTest" time="0.407"/>
  <testcase name="isValidate_receivedCaptcha_DifferentFrom_ExpectedCaptcha_ReturnFalse" classname="captchaValidatorTest" time="0.404"/>
  <testcase name="isValidate_expectedCaptchaIsNull_ReturnFalse" classname="captchaValidatorTest" time="0.401"/>
  <testcase name="isValidate_receivedCaptcha_isUpperCase_ReturnFalse" classname="captchaValidatorTest" time="0.449"/>
</testsuite>